  pch.cpp
  h264_Decoder.cpp
  modulemediator.cpp
  Parser.cpp
  Queue.cpp
  Utils.cpp
  videoparser.cpp
  videoparsermgr.cpp
  VideoWrapper.cpp
c:\program files (x86)\microsoft visual studio\2017\community\vc\tools\msvc\14.16.27023\include\pthread.h(320): error C2011: 'timespec': 'struct' type redefinition (compiling source file videoparser.cpp)
  c:\program files (x86)\windows kits\10\include\10.0.17763.0\ucrt\time.h(39): note: see declaration of 'timespec' (compiling source file videoparser.cpp)
c:\users\eason\desktop\working space\djiwindowssdk_mavicair\sample code\djivideoparser\queue.h(8): fatal error C1083: Cannot open include file: 'libavcodec/avcodec.h': No such file or directory (compiling source file videoparser.cpp)
c:\program files (x86)\microsoft visual studio\2017\community\vc\tools\msvc\14.16.27023\include\pthread.h(320): error C2011: 'timespec': 'struct' type redefinition (compiling source file Queue.cpp)
  c:\program files (x86)\windows kits\10\include\10.0.17763.0\ucrt\time.h(39): note: see declaration of 'timespec' (compiling source file Queue.cpp)
c:\users\eason\desktop\working space\djiwindowssdk_mavicair\sample code\djivideoparser\queue.h(8): fatal error C1083: Cannot open include file: 'libavcodec/avcodec.h': No such file or directory (compiling source file Queue.cpp)
c:\program files (x86)\microsoft visual studio\2017\community\vc\tools\msvc\14.16.27023\include\pthread.h(320): error C2011: 'timespec': 'struct' type redefinition (compiling source file VideoWrapper.cpp)
  c:\program files (x86)\windows kits\10\include\10.0.17763.0\ucrt\time.h(39): note: see declaration of 'timespec' (compiling source file VideoWrapper.cpp)
c:\users\eason\desktop\working space\djiwindowssdk_mavicair\sample code\djivideoparser\queue.h(8): fatal error C1083: Cannot open include file: 'libavcodec/avcodec.h': No such file or directory (compiling source file VideoWrapper.cpp)
c:\program files (x86)\microsoft visual studio\2017\community\vc\tools\msvc\14.16.27023\include\pthread.h(320): error C2011: 'timespec': 'struct' type redefinition (compiling source file Parser.cpp)
  c:\program files (x86)\windows kits\10\include\10.0.17763.0\ucrt\time.h(39): note: see declaration of 'timespec' (compiling source file Parser.cpp)
c:\users\eason\desktop\working space\djiwindowssdk_mavicair\sample code\djivideoparser\queue.h(8): fatal error C1083: Cannot open include file: 'libavcodec/avcodec.h': No such file or directory (compiling source file Parser.cpp)
c:\program files (x86)\microsoft visual studio\2017\community\vc\tools\msvc\14.16.27023\include\pthread.h(320): error C2011: 'timespec': 'struct' type redefinition (compiling source file h264_Decoder.cpp)
  c:\program files (x86)\windows kits\10\include\10.0.17763.0\ucrt\time.h(39): note: see declaration of 'timespec' (compiling source file h264_Decoder.cpp)
c:\users\eason\desktop\working space\djiwindowssdk_mavicair\sample code\djivideoparser\queue.h(8): fatal error C1083: Cannot open include file: 'libavcodec/avcodec.h': No such file or directory (compiling source file h264_Decoder.cpp)
c:\program files (x86)\microsoft visual studio\2017\community\vc\tools\msvc\14.16.27023\include\pthread.h(320): error C2011: 'timespec': 'struct' type redefinition (compiling source file videoparsermgr.cpp)
  c:\program files (x86)\windows kits\10\include\10.0.17763.0\ucrt\time.h(39): note: see declaration of 'timespec' (compiling source file videoparsermgr.cpp)
c:\users\eason\desktop\working space\djiwindowssdk_mavicair\sample code\djivideoparser\queue.h(8): fatal error C1083: Cannot open include file: 'libavcodec/avcodec.h': No such file or directory (compiling source file videoparsermgr.cpp)
c:\program files (x86)\microsoft visual studio\2017\community\vc\tools\msvc\14.16.27023\include\pthread.h(320): error C2011: 'timespec': 'struct' type redefinition (compiling source file modulemediator.cpp)
  c:\program files (x86)\windows kits\10\include\10.0.17763.0\ucrt\time.h(39): note: see declaration of 'timespec' (compiling source file modulemediator.cpp)
c:\users\eason\desktop\working space\djiwindowssdk_mavicair\sample code\djivideoparser\queue.h(8): fatal error C1083: Cannot open include file: 'libavcodec/avcodec.h': No such file or directory (compiling source file modulemediator.cpp)
c:\users\eason\desktop\working space\djiwindowssdk_mavicair\sample code\djivideoparser\utils.cpp(201): warning C4244: 'initializing': conversion from 'double' to 'int', possible loss of data
c:\users\eason\desktop\working space\djiwindowssdk_mavicair\sample code\djivideoparser\utils.cpp(272): warning C4244: 'return': conversion from 'time_t' to 'int32_t', possible loss of data
c:\users\eason\desktop\working space\djiwindowssdk_mavicair\sample code\djivideoparser\utils.cpp(278): warning C4244: 'return': conversion from 'time_t' to 'long', possible loss of data
c:\users\eason\desktop\working space\djiwindowssdk_mavicair\sample code\djivideoparser\utils.cpp(638): warning C4244: '=': conversion from 'float' to 'int', possible loss of data
